{
  "RSpec": {
    "coverage": {
      "/Users/chuckrea/Documents/ga_wdi/projects/what_the_french/lib/wine_dot_com_api_request/configuration.rb": [
        1
      ],
      "/Users/chuckrea/Documents/ga_wdi/projects/what_the_french/app/models/collector.rb": [
        1,
        null,
        null,
        1,
        null,
        null,
        null,
        1,
        null,
        null,
        1,
        1,
        null,
        1,
        3,
        null,
        null
      ],
      "/Users/chuckrea/Documents/ga_wdi/projects/what_the_french/app/controllers/application_controller.rb": [
        1,
        1,
        null
      ],
      "/Users/chuckrea/Documents/ga_wdi/projects/what_the_french/app/helpers/application_helper.rb": [
        1,
        null
      ],
      "/Users/chuckrea/Documents/ga_wdi/projects/what_the_french/app/controllers/collectors_controller.rb": [
        1,
        1,
        null,
        1,
        3,
        null,
        3,
        0,
        0,
        0,
        0,
        null,
        null,
        null,
        null,
        null
      ],
      "/Users/chuckrea/Documents/ga_wdi/projects/what_the_french/app/controllers/french_controller.rb": [
        1,
        null,
        1,
        1,
        null,
        1,
        0,
        0,
        0,
        null,
        null
      ],
      "/Users/chuckrea/Documents/ga_wdi/projects/what_the_french/lib/french.rb": [
        1,
        null,
        1,
        null,
        0,
        0,
        0,
        null,
        null,
        0,
        null,
        0,
        null,
        0,
        null,
        0,
        null,
        0,
        null,
        0,
        null,
        0,
        null,
        0,
        null,
        0,
        null,
        0,
        null,
        0,
        null,
        0,
        null,
        0,
        null,
        0,
        null,
        0,
        null,
        0,
        null,
        0,
        null,
        null,
        null,
        1,
        null,
        0,
        0,
        null,
        0,
        null,
        0,
        null,
        0,
        null,
        0,
        null,
        0,
        null,
        0,
        null,
        0,
        null,
        0,
        null,
        0,
        null,
        0,
        null,
        0,
        null,
        0,
        null,
        0,
        null,
        0,
        null,
        null,
        null,
        1,
        0,
        null,
        0,
        null,
        0,
        null,
        null,
        null,
        1,
        0,
        null,
        null,
        null
      ],
      "/Users/chuckrea/Documents/ga_wdi/projects/what_the_french/app/controllers/home_controller.rb": [
        1,
        1,
        null,
        null
      ],
      "/Users/chuckrea/Documents/ga_wdi/projects/what_the_french/app/controllers/wines_controller.rb": [
        1,
        null,
        1,
        0,
        null,
        null,
        null,
        null,
        null,
        null,
        null,
        0,
        null,
        0,
        null,
        0,
        null,
        null
      ],
      "/Users/chuckrea/Documents/ga_wdi/projects/what_the_french/app/models/wine.rb": [
        1,
        1,
        null,
        1,
        1,
        null,
        1,
        1,
        null,
        null
      ],
      "/Users/chuckrea/Documents/ga_wdi/projects/what_the_french/app/models/cellar.rb": [
        1,
        1,
        null,
        1,
        1,
        null
      ]
    },
    "timestamp": 1389887274
  }
}
